<?xml version="1.0" encoding="UTF-8"?>
<testsuite name="ParserTest" tests="3" skipped="0" failures="0" errors="0" timestamp="2025-05-02T08:30:40" hostname="RahaRokni-ZenBook-UX363EA-UX363EA" time="0.029">
  <properties/>
  <testcase name="testSortByName()" classname="ParserTest" time="0.02"/>
  <testcase name="testSortByRating()" classname="ParserTest" time="0.004"/>
  <testcase name="testSortByPrice()" classname="ParserTest" time="0.004"/>
  <system-out><![CDATA[]]></system-out>
  <system-err><![CDATA[]]></system-err>
</testsuite>
